# JRE version: OpenJDK Runtime Environment (8.0_121-b13) (build 1.8.0_121-8u121-b13-0ubuntu1.16.04.2-b13)
# Java VM: OpenJDK 64-Bit Server VM (25.121-b13 mixed mode linux-amd64 compressed oops)
Heap:
 PSYoungGen      total 256512K, used 8170K [0x00000000d7700000, 0x00000000e7b00000, 0x0000000100000000)
  eden space 248320K, 0% used [0x00000000d7700000,0x00000000d7700000,0x00000000e6980000)
  from space 8192K, 99% used [0x00000000e6980000,0x00000000e717aab0,0x00000000e7180000)
  to   space 6656K, 0% used [0x00000000e7180000,0x00000000e7180000,0x00000000e7800000)
 ParOldGen       total 83456K, used 3196K [0x0000000086400000, 0x000000008b580000, 0x00000000d7700000)
  object space 83456K, 3% used [0x0000000086400000,0x000000008671f188,0x000000008b580000)
 Metaspace       used 20986K, capacity 21182K, committed 21296K, reserved 1069056K
  class space    used 2506K, capacity 2579K, committed 2608K, reserved 1048576K
GC Heap History (10 events):
Event: 0.692 GC heap after
Heap after GC invocations=2 (full 0):
 PSYoungGen      total 67584K, used 1440K [0x00000000d7700000, 0x00000000dbe00000, 0x0000000100000000)
  eden space 62464K, 0% used [0x00000000d7700000,0x00000000d7700000,0x00000000db400000)
  from space 5120K, 28% used [0x00000000db900000,0x00000000dba68020,0x00000000dbe00000)
  to   space 5120K, 0% used [0x00000000db400000,0x00000000db400000,0x00000000db900000)
 ParOldGen       total 83456K, used 16K [0x0000000086400000, 0x000000008b580000, 0x00000000d7700000)
  object space 83456K, 0% used [0x0000000086400000,0x0000000086404000,0x000000008b580000)
 Metaspace       used 6069K, capacity 6198K, committed 6400K, reserved 1056768K
  class space    used 667K, capacity 721K, committed 768K, reserved 1048576K
}
Event: 1.549 GC heap before
{Heap before GC invocations=3 (full 0):
 PSYoungGen      total 67584K, used 63904K [0x00000000d7700000, 0x00000000dbe00000, 0x0000000100000000)
  eden space 62464K, 100% used [0x00000000d7700000,0x00000000db400000,0x00000000db400000)
  from space 5120K, 28% used [0x00000000db900000,0x00000000dba68020,0x00000000dbe00000)
  to   space 5120K, 0% used [0x00000000db400000,0x00000000db400000,0x00000000db900000)
 ParOldGen       total 83456K, used 16K [0x0000000086400000, 0x000000008b580000, 0x00000000d7700000)
  object space 83456K, 0% used [0x0000000086400000,0x0000000086404000,0x000000008b580000)
 Metaspace       used 11818K, capacity 11906K, committed 12160K, reserved 1060864K
  class space    used 1340K, capacity 1363K, committed 1408K, reserved 1048576K
Event: 1.570 GC heap after
Heap after GC invocations=3 (full 0):
 PSYoungGen      total 67584K, used 4800K [0x00000000d7700000, 0x00000000dfb00000, 0x0000000100000000)
  eden space 62464K, 0% used [0x00000000d7700000,0x00000000d7700000,0x00000000db400000)
  from space 5120K, 93% used [0x00000000db400000,0x00000000db8b0228,0x00000000db900000)
  to   space 5120K, 0% used [0x00000000df600000,0x00000000df600000,0x00000000dfb00000)
 ParOldGen       total 83456K, used 24K [0x0000000086400000, 0x000000008b580000, 0x00000000d7700000)
  object space 83456K, 0% used [0x0000000086400000,0x0000000086406000,0x000000008b580000)
 Metaspace       used 11818K, capacity 11906K, committed 12160K, reserved 1060864K
  class space    used 1340K, capacity 1363K, committed 1408K, reserved 1048576K
}
Event: 1.882 GC heap before
{Heap before GC invocations=4 (full 0):
 PSYoungGen      total 67584K, used 67264K [0x00000000d7700000, 0x00000000dfb00000, 0x0000000100000000)
  eden space 62464K, 100% used [0x00000000d7700000,0x00000000db400000,0x00000000db400000)
  from space 5120K, 93% used [0x00000000db400000,0x00000000db8b0228,0x00000000db900000)
  to   space 5120K, 0% used [0x00000000df600000,0x00000000df600000,0x00000000dfb00000)
 ParOldGen       total 83456K, used 24K [0x0000000086400000, 0x000000008b580000, 0x00000000d7700000)
  object space 83456K, 0% used [0x0000000086400000,0x0000000086406000,0x000000008b580000)
 Metaspace       used 11878K, capacity 11970K, committed 12160K, reserved 1060864K
  class space    used 1340K, capacity 1363K, committed 1408K, reserved 1048576K
Event: 1.893 GC heap after
Heap after GC invocations=4 (full 0):
 PSYoungGen      total 130048K, used 2944K [0x00000000d7700000, 0x00000000dfb00000, 0x0000000100000000)
  eden space 124928K, 0% used [0x00000000d7700000,0x00000000d7700000,0x00000000df100000)
  from space 5120K, 57% used [0x00000000df600000,0x00000000df8e0020,0x00000000dfb00000)
  to   space 5120K, 0% used [0x00000000df100000,0x00000000df100000,0x00000000df600000)
 ParOldGen       total 83456K, used 96K [0x0000000086400000, 0x000000008b580000, 0x00000000d7700000)
  object space 83456K, 0% used [0x0000000086400000,0x0000000086418010,0x000000008b580000)
 Metaspace       used 11878K, capacity 11970K, committed 12160K, reserved 1060864K
  class space    used 1340K, capacity 1363K, committed 1408K, reserved 1048576K
}
Event: 2.513 GC heap before
{Heap before GC invocations=5 (full 0):
 PSYoungGen      total 130048K, used 127872K [0x00000000d7700000, 0x00000000dfb00000, 0x0000000100000000)
  eden space 124928K, 100% used [0x00000000d7700000,0x00000000df100000,0x00000000df100000)
  from space 5120K, 57% used [0x00000000df600000,0x00000000df8e0020,0x00000000dfb00000)
  to   space 5120K, 0% used [0x00000000df100000,0x00000000df100000,0x00000000df600000)
 ParOldGen       total 83456K, used 96K [0x0000000086400000, 0x000000008b580000, 0x00000000d7700000)
  object space 83456K, 0% used [0x0000000086400000,0x0000000086418010,0x000000008b580000)
 Metaspace       used 12180K, capacity 12258K, committed 12416K, reserved 1060864K
  class space    used 1372K, capacity 1395K, committed 1408K, reserved 1048576K
Event: 2.520 GC heap after
Heap after GC invocations=5 (full 0):
 PSYoungGen      total 130048K, used 5104K [0x00000000d7700000, 0x00000000e7800000, 0x0000000100000000)
  eden space 124928K, 0% used [0x00000000d7700000,0x00000000d7700000,0x00000000df100000)
  from space 5120K, 99% used [0x00000000df100000,0x00000000df5fc010,0x00000000df600000)
  to   space 6656K, 0% used [0x00000000e7180000,0x00000000e7180000,0x00000000e7800000)
 ParOldGen       total 83456K, used 536K [0x0000000086400000, 0x000000008b580000, 0x00000000d7700000)
  object space 83456K, 0% used [0x0000000086400000,0x0000000086486150,0x000000008b580000)
 Metaspace       used 12180K, capacity 12258K, committed 12416K, reserved 1060864K
  class space    used 1372K, capacity 1395K, committed 1408K, reserved 1048576K
}
Event: 2.978 GC heap before
{Heap before GC invocations=6 (full 0):
 PSYoungGen      total 130048K, used 130032K [0x00000000d7700000, 0x00000000e7800000, 0x0000000100000000)
  eden space 124928K, 100% used [0x00000000d7700000,0x00000000df100000,0x00000000df100000)
  from space 5120K, 99% used [0x00000000df100000,0x00000000df5fc010,0x00000000df600000)
  to   space 6656K, 0% used [0x00000000e7180000,0x00000000e7180000,0x00000000e7800000)
 ParOldGen       total 83456K, used 536K [0x0000000086400000, 0x000000008b580000, 0x00000000d7700000)
  object space 83456K, 0% used [0x0000000086400000,0x0000000086486150,0x000000008b580000)
 Metaspace       used 15399K, capacity 15608K, committed 15744K, reserved 1062912K
  class space    used 1790K, capacity 1852K, committed 1920K, reserved 1048576K
Event: 2.990 GC heap after
Heap after GC invocations=6 (full 0):
 PSYoungGen      total 254976K, used 6650K [0x00000000d7700000, 0x00000000e7b00000, 0x0000000100000000)
  eden space 248320K, 0% used [0x00000000d7700000,0x00000000d7700000,0x00000000e6980000)
  from space 6656K, 99% used [0x00000000e7180000,0x00000000e77fe898,0x00000000e7800000)
  to   space 8192K, 0% used [0x00000000e6980000,0x00000000e6980000,0x00000000e7180000)
 ParOldGen       total 83456K, used 1239K [0x0000000086400000, 0x000000008b580000, 0x00000000d7700000)
  object space 83456K, 1% used [0x0000000086400000,0x0000000086535ee0,0x000000008b580000)
 Metaspace       used 15399K, capacity 15608K, committed 15744K, reserved 1062912K
  class space    used 1790K, capacity 1852K, committed 1920K, reserved 1048576K
}
Event: 3.958 GC heap before
{Heap before GC invocations=7 (full 0):
 PSYoungGen      total 254976K, used 41408K [0x00000000d7700000, 0x00000000e7b00000, 0x0000000100000000)
  eden space 248320K, 13% used [0x00000000d7700000,0x00000000d98f1a40,0x00000000e6980000)
  from space 6656K, 99% used [0x00000000e7180000,0x00000000e77fe898,0x00000000e7800000)
  to   space 8192K, 0% used [0x00000000e6980000,0x00000000e6980000,0x00000000e7180000)
 ParOldGen       total 83456K, used 1239K [0x0000000086400000, 0x000000008b580000, 0x00000000d7700000)
  object space 83456K, 1% used [0x0000000086400000,0x0000000086535ee0,0x000000008b580000)
 Metaspace       used 20986K, capacity 21182K, committed 21296K, reserved 1069056K
  class space    used 2506K, capacity 2579K, committed 2608K, reserved 1048576K

